2021-08-21T17:22:50.095868+0500 Launching the bot. Importing libraries and creating a log file
2021-08-21T17:22:50.096624+0500 Connecting to the DB
2021-08-21T17:24:15.615574+0500 Launching the bot. Importing libraries and creating a log file
2021-08-21T17:24:15.616111+0500 Connecting to the DB
2021-08-21T17:24:45.408469+0500 Launching the bot. Importing libraries and creating a log file
2021-08-21T17:24:45.408985+0500 Connecting to the DB
2021-08-21T17:25:34.131447+0500 Launching the bot. Importing libraries and creating a log file
2021-08-21T17:25:34.133039+0500 Connecting to the DB
2021-08-21T17:27:02.417418+0500 Launching the bot. Importing libraries and creating a log file
2021-08-21T17:27:02.418450+0500 Connecting to the DB
2021-08-21T17:27:19.063847+0500 Launching the bot. Importing libraries and creating a log file
2021-08-21T17:27:19.064405+0500 Connecting to the DB
2021-08-21T17:27:49.915035+0500 Launching the bot. Importing libraries and creating a log file
2021-08-21T17:27:49.916046+0500 Connecting to the DB
2021-08-21T17:28:32.562076+0500 Launching the bot. Importing libraries and creating a log file
2021-08-21T17:28:32.563012+0500 Connecting to the DB
2021-08-21T17:34:29.010275+0500 Launching the bot. Importing libraries and creating a log file
2021-08-21T17:34:29.010757+0500 Connecting to the DB
2021-08-21T17:56:46.737603+0500 Launching the bot. Importing libraries, connect to DB and creating a log file
2021-08-21T17:57:40.175720+0500 Launching the bot. Importing libraries, connect to DB and creating a log file
2021-08-21T17:59:58.857842+0500 Launching the bot. Importing libraries, connect to DB and creating a log file
2021-08-21T18:10:01.826376+0500 Launching the bot. Importing libraries, connect to DB and creating a log file
2021-08-21T18:13:44.382050+0500 Launching the bot. Importing libraries, connect to DB and creating a log file
2021-08-21T18:17:30.062230+0500 Launching the bot. Importing libraries, connect to DB and creating a log file
2021-08-21T18:20:49.597039+0500 Launching the bot. Importing libraries, connect to DB and creating a log file
2021-08-21T18:21:32.857723+0500 Launching the bot. Importing libraries, connect to DB and creating a log file
2021-08-21T19:23:16.823560+0500 Launching the bot. Importing libraries, connect to DB and creating a log file
2021-08-21T19:56:52.620828+0500 Launching the bot. Importing libraries, connect to DB and creating a log file
2021-08-21T20:00:40.586285+0500 Launching the bot. Importing libraries, connect to DB and creating a log file
2021-08-21T20:15:17.292625+0500 Launching the bot. Importing libraries, connect to DB and creating a log file
2021-08-21T20:15:38.753819+0500 User 625834898 send /help command
2021-08-21T20:18:08.620354+0500 Launching the bot. Importing libraries, connect to DB and creating a log file
2021-08-21T20:18:15.347180+0500 User 625834898 send /help command
2021-08-21T20:18:18.212408+0500 User 625834898 send /help command
2021-08-21T20:18:19.928234+0500 User 625834898 send /help command
2021-08-21T20:22:45.010897+0500 Launching the bot. Importing libraries, connect to DB and creating a log file
2021-08-21T20:23:17.153986+0500 Launching the bot. Importing libraries, connect to DB and creating a log file
2021-08-21T20:27:53.942335+0500 Launching the bot. Importing libraries, connect to DB and creating a log file
2021-08-21T20:28:10.792283+0500 Launching the bot. Importing libraries, connect to DB and creating a log file
2021-08-21T20:28:44.156310+0500 Launching the bot. Importing libraries, connect to DB and creating a log file
2021-08-21T20:29:08.381068+0500 Launching the bot. Importing libraries, connect to DB and creating a log file
2021-08-21T20:30:08.390101+0500 Launching the bot. Importing libraries, connect to DB and creating a log file
2021-08-21T20:30:45.055119+0500 Launching the bot. Importing libraries, connect to DB and creating a log file
2021-08-21T20:31:12.726602+0500 Launching the bot. Importing libraries, connect to DB and creating a log file
2021-08-21T20:36:25.192903+0500 Launching the bot. Importing libraries, connect to DB and creating a log file
2021-08-21T20:36:44.248719+0500 Launching the bot. Importing libraries, connect to DB and creating a log file
2021-08-21T20:37:59.834985+0500 Launching the bot. Importing libraries, connect to DB and creating a log file
2021-08-21T20:39:45.485912+0500 Launching the bot. Importing libraries, connect to DB and creating a log file
2021-08-21T20:45:41.666806+0500 Launching the bot. Importing libraries, connect to DB and creating a log file
2021-08-21T20:45:58.219072+0500 Launching the bot. Importing libraries, connect to DB and creating a log file
2021-08-21T20:50:17.176717+0500 Launching the bot. Importing libraries, connect to DB and creating a log file
2021-08-21T20:56:57.374829+0500 Launching the bot. Importing libraries, connect to DB and creating a log file
2021-08-21T21:02:49.775540+0500 Launching the bot. Importing libraries, connect to DB and creating a log file
2021-08-21T21:03:59.088286+0500 Launching the bot. Importing libraries, connect to DB and creating a log file
2021-08-21T21:05:12.353092+0500 Launching the bot. Importing libraries, connect to DB and creating a log file
2021-08-21T21:17:45.564105+0500 Launching the bot. Importing libraries, connect to DB and creating a log file
2021-08-21T21:21:13.602227+0500 User 625834898 click on "My profile" button
2021-08-21T21:21:20.776526+0500 User 625834898 click on "My profile" button
2021-08-21T21:21:40.248891+0500 User 625834898 click on "My profile" button
2021-08-21T21:22:20.556857+0500 User 625834898 click on "My profile" button
2021-08-21T21:23:12.102214+0500 User 625834898 click on "My profile" button
2021-08-21T21:27:37.835216+0500 User 1204343862 was registred
2021-08-21T21:27:41.434506+0500 User 1204343862 send /help command
2021-08-21T21:27:46.799270+0500 User 1204343862 click on "My profile" button
2021-08-21T21:27:48.597004+0500 User 1204343862 click on "Help" button
2021-08-21T21:27:49.756283+0500 User 1204343862 click on "My profile" button
2021-08-21T21:28:00.003223+0500 User 1204343862 click on "My profile" button
2021-08-21T21:28:11.067087+0500 User 1204343862 click on "My profile" button
2021-08-21T21:28:18.986446+0500 User 1204343862 click on "Help" button
2021-08-21T21:28:47.551000+0500 User 1204343862 click on "My profile" button
2021-08-21T21:28:51.919675+0500 User 1204343862 click on "Help" button
2021-08-21T21:29:02.658845+0500 User 1204343862 send /help command
2021-08-21T21:32:15.507807+0500 User 1204343862 click on "My profile" button
2021-08-21T21:56:35.918009+0500 User 1204343862 click on "My profile" button
2021-08-21T21:56:37.850256+0500 User 1204343862 click on "Help" button
2021-08-22T13:28:52.425729+0500 Launching the bot. Importing libraries, connect to DB and creating a log file
2021-08-22T13:29:50.556909+0500 Launching the bot. Importing libraries, connect to DB and creating a log file
2021-08-22T13:31:27.101606+0500 Launching the bot. Importing libraries, connect to DB and creating a log file
2021-08-22T13:38:54.358974+0500 Launching the bot. Importing libraries, connect to DB and creating a log file
2021-08-22T13:40:54.012454+0500 Launching the bot. Importing libraries, connect to DB and creating a log file
2021-08-22T13:41:27.240154+0500 Launching the bot. Importing libraries, connect to DB and creating a log file
2021-08-22T13:51:27.764782+0500 Launching the bot. Importing libraries, connect to DB and creating a log file
2021-08-22T13:51:40.875210+0500 User 625834898 became an admin
2021-08-22T13:52:35.272125+0500 Launching the bot. Importing libraries, connect to DB and creating a log file
2021-08-22T13:52:49.441928+0500 User 625834898 became an arbitr
2021-08-22T14:25:28.853521+0500 Launching the bot. Importing libraries, connect to DB and creating a log file
2021-08-22T14:25:46.219950+0500 Launching the bot. Importing libraries, connect to DB and creating a log file
2021-08-22T14:25:57.260426+0500 User 625834898 want to find an user
2021-08-22T14:32:02.488014+0500 Launching the bot. Importing libraries, connect to DB and creating a log file
2021-08-22T14:32:06.721109+0500 User 625834898 want to find an user
2021-08-22T14:32:33.485894+0500 Launching the bot. Importing libraries, connect to DB and creating a log file
2021-08-22T14:32:37.006264+0500 User 625834898 want to find an user
2021-08-22T14:34:33.021124+0500 Launching the bot. Importing libraries, connect to DB and creating a log file
2021-08-22T14:34:38.354095+0500 User 625834898 want to find an user
2021-08-22T14:36:07.425164+0500 Launching the bot. Importing libraries, connect to DB and creating a log file
2021-08-22T14:36:17.828168+0500 User 625834898 want to find an user
2021-08-22T14:38:38.008570+0500 Launching the bot. Importing libraries, connect to DB and creating a log file
2021-08-22T14:38:43.000280+0500 User 625834898 want to find an user
2021-08-22T14:43:18.938233+0500 Launching the bot. Importing libraries, connect to DB and creating a log file
2021-08-22T14:43:23.437067+0500 User 625834898 click on "My profile" button
2021-08-22T14:43:30.097918+0500 User 625834898 want to find an user
2021-08-22T14:49:11.622687+0500 Launching the bot. Importing libraries, connect to DB and creating a log file
2021-08-22T14:49:25.939684+0500 User 625834898 click on "My profile" button
2021-08-22T14:49:27.241351+0500 User 625834898 want to find an user
2021-08-22T15:16:30.733474+0500 Launching the bot. Importing libraries, connect to DB and creating a log file
2021-08-22T15:16:49.589764+0500 User 625834898 click on "My profile" button
2021-08-22T15:16:51.510887+0500 User 625834898 want to find an user
2021-08-22T15:17:03.111297+0500 User 625834898 click on "Help" button
2021-08-22T15:17:04.684530+0500 User 625834898 click on "My profile" button
2021-08-22T15:17:29.756734+0500 User 625834898 want to find an user
2021-08-22T15:20:45.411410+0500 User 625834898 click on "Help" button
2021-08-22T15:20:49.793222+0500 User 625834898 send /help command
2021-08-22T15:20:51.524341+0500 User 625834898 click on "My profile" button
2021-08-22T15:21:36.903528+0500 User 625834898 want to find an user
2021-08-22T15:34:52.031350+0500 Launching the bot. Importing libraries, connect to DB and creating a log file
2021-08-22T16:20:35.173823+0500 Launching the bot. Importing libraries, connect to DB and creating a log file
2021-08-22T16:20:48.234368+0500 User 625834898 click on "My profile" button
2021-08-22T16:21:12.316770+0500 User 625834898 became an admin
2021-08-22T16:21:26.271862+0500 User 625834898 became an arbitr
2021-08-22T18:08:03.714589+0500 User 625834898 want to find an user
2021-08-22T18:11:45.249505+0500 Launching the bot. Importing libraries, connect to DB and creating a log file
2021-08-22T18:11:51.898839+0500 User 625834898 want to find an user
2021-08-22T18:13:24.060978+0500 Launching the bot. Importing libraries, connect to DB and creating a log file
2021-08-22T18:13:27.846772+0500 User 625834898 want to find an user
2021-08-22T18:14:58.164871+0500 Launching the bot. Importing libraries, connect to DB and creating a log file
2021-08-22T18:15:02.236248+0500 User 625834898 want to find an user
2021-08-22T18:16:00.533188+0500 Launching the bot. Importing libraries, connect to DB and creating a log file
2021-08-22T18:16:04.199589+0500 User 625834898 want to find an user
2021-08-22T18:17:09.015971+0500 Launching the bot. Importing libraries, connect to DB and creating a log file
2021-08-22T18:17:13.344687+0500 User 625834898 want to find an user
2021-08-22T18:17:34.419746+0500 Launching the bot. Importing libraries, connect to DB and creating a log file
2021-08-22T18:17:38.285093+0500 User 625834898 want to find an user
2021-08-22T18:18:12.091108+0500 Launching the bot. Importing libraries, connect to DB and creating a log file
2021-08-22T18:18:14.970918+0500 User 625834898 want to find an user
2021-08-22T18:19:47.197337+0500 Launching the bot. Importing libraries, connect to DB and creating a log file
2021-08-22T18:19:50.355985+0500 User 625834898 want to find an user
2021-08-22T18:19:51.162916+0500 User 625834898 try to find user 123, but he can't
2021-08-22T18:19:53.471029+0500 User 625834898 try to find user 123, but he can't
2021-08-22T18:19:55.251696+0500 User 625834898 try to find user 4324234234, but he can't
2021-08-22T18:20:02.904937+0500 User 625834898 find user 1204343862
2021-08-22T18:20:32.977008+0500 User 625834898 try to find user 243423, but he can't
2021-08-22T18:20:34.083616+0500 User 625834898 back to main menu
2021-08-22T18:20:34.235521+0500 User 625834898 try to find user ⬅️ Назад, but he can't
2021-08-22T18:23:03.800466+0500 User 625834898 want to find an user
2021-08-22T18:23:09.076584+0500 User 625834898 find user 1204343862
2021-08-22T18:23:12.267065+0500 User 625834898 back to main menu
2021-08-22T18:23:12.373428+0500 User 625834898 try to find user ⬅️ Назад, but he can't
2021-08-22T22:02:21.175509+0500 User 625834898 click on "Help" button
2021-08-22T22:02:22.683077+0500 User 625834898 click on "My profile" button
2021-08-22T22:02:24.715221+0500 User 625834898 want to find an user
2021-08-22T22:02:30.199166+0500 User 625834898 try to find user 3453453, but he can't
2021-08-22T22:02:32.694185+0500 User 625834898 back to main menu
2021-08-22T22:02:32.811138+0500 User 625834898 try to find user ⬅️ Назад, but he can't
2021-08-22T22:11:25.152658+0500 Launching the bot. Importing libraries, connect to DB and creating a log file
2021-08-22T22:11:30.024090+0500 User 625834898 click on "My profile" button
2021-08-22T22:11:35.145124+0500 User 625834898 want to find an user
2021-08-22T22:11:47.121480+0500 User 625834898 find user 1204343862
2021-08-22T22:11:49.799877+0500 User 625834898 back to main menu
2021-08-22T22:11:49.918665+0500 User 625834898 try to find user ⬅️ Назад, but he can't
2021-08-22T22:12:33.127409+0500 Launching the bot. Importing libraries, connect to DB and creating a log file
2021-08-22T22:12:39.468987+0500 User 625834898 click on "My profile" button
2021-08-22T22:12:40.525392+0500 User 625834898 want to find an user
2021-08-22T22:12:42.635118+0500 User 625834898 find user 1204343862
2021-08-22T22:12:44.489142+0500 User 625834898 back to main menu
2021-08-22T22:12:45.745078+0500 User 625834898 want to find an user
2021-08-22T22:12:49.795151+0500 User 625834898 try to find user 3241234123412341234134, but he can't
2021-08-22T22:12:53.205515+0500 User 625834898 try to find user 3q41234, but he can't
2021-08-22T22:13:12.183516+0500 User 625834898 try to find user asdfasdfadfs, but he can't
2021-08-22T22:13:13.352117+0500 User 625834898 find user 1204343862
2021-08-22T22:13:15.398317+0500 User 625834898 back to main menu
2021-08-22T22:13:23.062363+0500 User 625834898 click on "Help" button
2021-08-22T22:13:26.085556+0500 User 625834898 click on "My profile" button
2021-08-22T22:13:33.671417+0500 User 625834898 want to find an user
2021-08-22T22:13:38.294206+0500 User 625834898 find user 1204343862
